Unity Editor version:    2020.3.21f1 (a38c86f6690f)
Branch:                  2020.3/staging
Build type:              Release
Batch mode:              YES
macOS version:           Version 12.2.1 (Build 21D62)
Darwin version:          21.3.0
Architecture:            x86_64
Running under Rosetta:   YES
Available memory:        8192 MB
Using pre-set license
Pro License: NO

COMMAND LINE ARGUMENTS:
/Users/thomasbaker/Documents/2020.3.21f1/Unity.app/Contents/MacOS/Unity
-adb2
-batchMode
-noUpm
-name
AssetImportWorker0
-projectPath
/Users/thomasbaker/Documents/GitHub/Untitled-Tactics-Game
-logFile
Logs/AssetImportWorker0.log
-srvPort
55131
Successfully changed project path to: /Users/thomasbaker/Documents/GitHub/Untitled-Tactics-Game
/Users/thomasbaker/Documents/GitHub/Untitled-Tactics-Game
Using Asset Import Pipeline V2.
Refreshing native plugins compatible for Editor in 43.03 ms, found 3 plugins.
Preloading 0 native plugins for Editor in 0.00 ms.
Initialize engine version: 2020.3.21f1 (a38c86f6690f)
[Subsystems] Discovering subsystems at path /Users/thomasbaker/Documents/2020.3.21f1/Unity.app/Contents/Resources/UnitySubsystems
[Subsystems] Discovering subsystems at path /Users/thomasbaker/Documents/GitHub/Untitled-Tactics-Game/Assets
GfxDevice: creating device client; threaded=0
2022-05-09 09:05:50.662 Unity[67994:2331490] (null) preferred device: Apple M1 (high power)
2022-05-09 09:05:50.662 Unity[67994:2331490] Metal devices available: 1
2022-05-09 09:05:50.662 Unity[67994:2331490] 0: Apple M1 (high power)
2022-05-09 09:05:50.662 Unity[67994:2331490] Using device Apple M1 (high power)
Initializing Metal device caps: Apple M1
Initialize mono
Mono path[0] = '/Users/thomasbaker/Documents/2020.3.21f1/Unity.app/Contents/Managed'
Mono path[1] = '/Users/thomasbaker/Documents/2020.3.21f1/Unity.app/Contents/MonoBleedingEdge/lib/mono/unityjit'
Mono config path = '/Users/thomasbaker/Documents/2020.3.21f1/Unity.app/Contents/MonoBleedingEdge/etc'
Using monoOptions --debugger-agent=transport=dt_socket,embedding=1,server=y,suspend=n,address=127.0.0.1:56994
Begin MonoManager ReloadAssembly
Registering precompiled unity dll's ...
Register platform support module: /Users/thomasbaker/Documents/2020.3.21f1/PlaybackEngines/WebGLSupport/UnityEditor.WebGL.Extensions.dll
Register platform support module: /Users/thomasbaker/Documents/2020.3.21f1/Unity.app/Contents/PlaybackEngines/MacStandaloneSupport/UnityEditor.OSXStandalone.Extensions.dll
Register platform support module: /Users/thomasbaker/Documents/2020.3.21f1/PlaybackEngines/WindowsStandaloneSupport/UnityEditor.WindowsStandalone.Extensions.dll
Registered in 0.001559 seconds.
Native extension for WindowsStandalone target not found
Native extension for OSXStandalone target not found
Native extension for WebGL target not found
Refreshing native plugins compatible for Editor in 43.93 ms, found 3 plugins.
Preloading 0 native plugins for Editor in 0.00 ms.
Mono: successfully reloaded assembly
- Completed reload, in  2.608 seconds
Domain Reload Profiling:
	ReloadAssembly (2608ms)
		BeginReloadAssembly (91ms)
			ExecutionOrderSort (0ms)
			DisableScriptedObjects (0ms)
			BackupInstance (0ms)
			ReleaseScriptingObjects (0ms)
			CreateAndSetChildDomain (3ms)
		EndReloadAssembly (1312ms)
			LoadAssemblies (90ms)
			RebuildTransferFunctionScriptingTraits (0ms)
			SetupTypeCache (177ms)
			ReleaseScriptCaches (0ms)
			RebuildScriptCaches (47ms)
			SetupLoadedEditorAssemblies (729ms)
				LogAssemblyErrors (0ms)
				InitializePlatformSupportModulesInManaged (19ms)
				SetLoadedEditorAssemblies (1ms)
				RefreshPlugins (44ms)
				BeforeProcessingInitializeOnLoad (117ms)
				ProcessInitializeOnLoadAttributes (419ms)
				ProcessInitializeOnLoadMethodAttributes (129ms)
				AfterProcessingInitializeOnLoad (0ms)
				EditorAssembliesLoaded (1ms)
			ExecutionOrderSort2 (0ms)
			AwakeInstancesAfterBackupRestoration (0ms)
Platform modules already initialized, skipping
Registering precompiled user dll's ...
Registered in 0.002135 seconds.
Begin MonoManager ReloadAssembly
Native extension for WindowsStandalone target not found
Native extension for OSXStandalone target not found
Native extension for WebGL target not found
Refreshing native plugins compatible for Editor in 41.53 ms, found 3 plugins.
Preloading 0 native plugins for Editor in 0.00 ms.
Mono: successfully reloaded assembly
- Completed reload, in  2.760 seconds
Domain Reload Profiling:
	ReloadAssembly (2763ms)
		BeginReloadAssembly (283ms)
			ExecutionOrderSort (0ms)
			DisableScriptedObjects (33ms)
			BackupInstance (0ms)
			ReleaseScriptingObjects (0ms)
			CreateAndSetChildDomain (38ms)
		EndReloadAssembly (2370ms)
			LoadAssemblies (251ms)
			RebuildTransferFunctionScriptingTraits (0ms)
			SetupTypeCache (332ms)
			ReleaseScriptCaches (0ms)
			RebuildScriptCaches (62ms)
			SetupLoadedEditorAssemblies (1332ms)
				LogAssemblyErrors (0ms)
				InitializePlatformSupportModulesInManaged (20ms)
				SetLoadedEditorAssemblies (1ms)
				RefreshPlugins (42ms)
				BeforeProcessingInitializeOnLoad (243ms)
				ProcessInitializeOnLoadAttributes (966ms)
				ProcessInitializeOnLoadMethodAttributes (59ms)
				AfterProcessingInitializeOnLoad (1ms)
				EditorAssembliesLoaded (1ms)
			ExecutionOrderSort2 (0ms)
			AwakeInstancesAfterBackupRestoration (34ms)
Platform modules already initialized, skipping
Validating Project structure ... 0.001664 seconds.
Shader import version has changed; will reimport all shaders...
Upgrading shader files ...0.012862 seconds.
Application.AssetDatabase Initial Script Refresh Start
RefreshInfo: InitialScriptRefreshV2(NoUpdateAssetOptions) scanfilter:  ... 1 filters
RefreshProfiler: Total: 0.000ms
Application.AssetDatabase Initial Script Refresh End
Application.AssetDatabase.Refresh Start
Application.AssetDatabase.Refresh End
RefreshInfo: StopAssetImportingV2(ForceSynchronousImport) scanfilter: 
RefreshProfiler: Total: 0.000ms
Launching external process: /Users/thomasbaker/Documents/2020.3.21f1/Unity.app/Contents/Tools/UnityShaderCompiler
Launched and connected shader compiler UnityShaderCompiler after 0.16 seconds
Initializing Unity extensions:
2022-05-09 09:05:57.456 Unity[67994:2331490] NSEventModifierFlagFunction specified to -setKeyEquivalentModifierMask: for item <NSMenuItem: 0x60000183b800 Font Asset, ke='Command-F12'>, but is only supported for system-provided menu items; will not be used
2022-05-09 09:05:57.460 Unity[67994:2331490] NSEventModifierFlagFunction specified to -setKeyEquivalentModifierMask: for item <NSMenuItem: 0x600001814770 Font Asset, ke='Command-F12'>, but is only supported for system-provided menu items; will not be used
========================================================================
Worker process is ready to serve import requests
Refreshing native plugins compatible for Editor in 0.40 ms, found 3 plugins.
Preloading 0 native plugins for Editor in 0.00 ms.
Unloading 2282 Unused Serialized files (Serialized files now loaded: 0)
System memory in use before: 206.1 MB.
System memory in use after: 205.3 MB.

Unloading 114 unused Assets to reduce memory usage. Loaded Objects now: 2758.
Total: 2.795750 ms (FindLiveObjects: 0.175791 ms CreateObjectMapping: 0.045667 ms MarkObjects: 2.127208 ms  DeleteObjects: 0.446333 ms)

AssetImportParameters requested are different than current active one (requested -> active):
  custom:video-decoder-ogg-theora: a1e56fd34408186e4bbccfd4996cb3dc -> 
  custom:container-muxer-webm: aa71ff27fc2769a1b78a27578f13a17b -> 
  custom:container-demuxer-webm: 4f35f7cbe854078d1ac9338744f61a02 -> 
  custom:container-demuxer-ogg: 62fdf1f143b41e24485cea50d1cbac27 -> 
  custom:video-encoder-webm-vp8: eb34c28f22e8b96e1ab97ce403110664 -> 
  custom:framework-osx-AVFoundation: e770b220cccbd017edd2c1fefb359320 -> 
  custom:video-decoder-webm-vp8: 9c59270c3fd7afecdb556c50c9e8de78 -> 
  custom:audio-decoder-ogg-vorbis: bf7c407c2cedff20999df2af8eb42d56 -> 
  custom:audio-encoder-webm-vorbis: bf7c407c2cedff20999df2af8eb42d56 -> 
========================================================================
Received Import Request.
  path: Assets/Prefabs/Units/Cavalry.prefab
  artifactKey: Guid(1926902583f6a1049b39f62023ec73b8) Importer(815301076,1909f56bfc062723c751e8b465ee728b)
Start importing Assets/Prefabs/Units/Cavalry.prefab using Guid(1926902583f6a1049b39f62023ec73b8) Importer(815301076,1909f56bfc062723c751e8b465ee728b)  -> (artifact id: '289664cc5817a0f9a6f9e8124937b9fa') in 0.970903 seconds 
  Import took 0.975471 seconds .

========================================================================
Received Import Request.
  Time since last request: 0.002716 seconds.
  path: Assets/Prefabs/Units
  artifactKey: Guid(03a3eabaca33e0442a2434ffc97feec4) Importer(815301076,1909f56bfc062723c751e8b465ee728b)
Start importing Assets/Prefabs/Units using Guid(03a3eabaca33e0442a2434ffc97feec4) Importer(815301076,1909f56bfc062723c751e8b465ee728b)  -> (artifact id: 'd6d3f229e7f69b0249ab090e640ac0ea') in 0.000676 seconds 
  Import took 0.003586 seconds .

========================================================================
Received Import Request.
  Time since last request: 0.000229 seconds.
  path: Assets/Prefabs/Units/Swordsmen.prefab
  artifactKey: Guid(ab35f17226db603499c01d4cef63c13f) Importer(815301076,1909f56bfc062723c751e8b465ee728b)
Start importing Assets/Prefabs/Units/Swordsmen.prefab using Guid(ab35f17226db603499c01d4cef63c13f) Importer(815301076,1909f56bfc062723c751e8b465ee728b)  -> (artifact id: '730db605375c45f24309b90babc9c062') in 0.019832 seconds 
  Import took 0.022974 seconds .

========================================================================
Received Import Request.
  Time since last request: 0.000217 seconds.
  path: Assets/Prefabs/Units/Spearmen.prefab
  artifactKey: Guid(54c0054d4bef1f04dad5970f18a43f1a) Importer(815301076,1909f56bfc062723c751e8b465ee728b)
Start importing Assets/Prefabs/Units/Spearmen.prefab using Guid(54c0054d4bef1f04dad5970f18a43f1a) Importer(815301076,1909f56bfc062723c751e8b465ee728b)  -> (artifact id: '6011497c47aa3d1548f93441c50985c6') in 0.014503 seconds 
  Import took 0.018142 seconds .

========================================================================
Received Import Request.
  Time since last request: 0.000231 seconds.
  path: Assets/Prefabs/Units/Archers.prefab
  artifactKey: Guid(74167f175a471e443b3ac05192b0c88d) Importer(815301076,1909f56bfc062723c751e8b465ee728b)
Start importing Assets/Prefabs/Units/Archers.prefab using Guid(74167f175a471e443b3ac05192b0c88d) Importer(815301076,1909f56bfc062723c751e8b465ee728b)  -> (artifact id: '54c1b60773854e0e1165fb3f217a0de5') in 0.013851 seconds 
  Import took 0.017636 seconds .

========================================================================
Received Import Request.
  Time since last request: 9.645555 seconds.
  path: Assets/Scripts
  artifactKey: Guid(ca89ad098c629bb44be6ac3776e56f92) Importer(815301076,1909f56bfc062723c751e8b465ee728b)
Start importing Assets/Scripts using Guid(ca89ad098c629bb44be6ac3776e56f92) Importer(815301076,1909f56bfc062723c751e8b465ee728b)  -> (artifact id: '650bda68410b743287ddb40391fda0ea') in 0.000994 seconds 
  Import took 0.005168 seconds .

========================================================================
Received Import Request.
  Time since last request: 1.640550 seconds.
  path: Assets/Scripts/dijkstra.cs
  artifactKey: Guid(053da00efd0cb1a44b1f1e33e86512b0) Importer(815301076,1909f56bfc062723c751e8b465ee728b)
Start importing Assets/Scripts/dijkstra.cs using Guid(053da00efd0cb1a44b1f1e33e86512b0) Importer(815301076,1909f56bfc062723c751e8b465ee728b)  -> (artifact id: '4734bc06ea40cbe35b2b1e93e188b1fb') in 0.854690 seconds 
  Import took 0.860855 seconds .

========================================================================
Received Import Request.
  Time since last request: 4.371189 seconds.
  path: Assets/Scripts/Dijkstra.cs
  artifactKey: Guid(053da00efd0cb1a44b1f1e33e86512b0) Importer(815301076,1909f56bfc062723c751e8b465ee728b)
Start importing Assets/Scripts/Dijkstra.cs using Guid(053da00efd0cb1a44b1f1e33e86512b0) Importer(815301076,1909f56bfc062723c751e8b465ee728b)  -> (artifact id: '8f7e8bfe1a9b0faacfd4b0f504ab6b60') in 0.002780 seconds 
  Import took 0.006072 seconds .

========================================================================
Received Prepare
Registering precompiled user dll's ...
Registered in 0.001536 seconds.
Begin MonoManager ReloadAssembly
Native extension for WindowsStandalone target not found
Native extension for OSXStandalone target not found
Native extension for WebGL target not found
Refreshing native plugins compatible for Editor in 0.53 ms, found 3 plugins.
Preloading 0 native plugins for Editor in 0.00 ms.
2022-05-09 09:06:27.224 Unity[67994:2331490] NSEventModifierFlagFunction specified to -setKeyEquivalentModifierMask: for item <NSMenuItem: 0x60000182a6f0 Font Asset, ke='Command-F12'>, but is only supported for system-provided menu items; will not be used
Mono: successfully reloaded assembly
- Completed reload, in  2.942 seconds
Domain Reload Profiling:
	ReloadAssembly (2943ms)
		BeginReloadAssembly (296ms)
			ExecutionOrderSort (0ms)
			DisableScriptedObjects (46ms)
			BackupInstance (0ms)
			ReleaseScriptingObjects (0ms)
			CreateAndSetChildDomain (121ms)
		EndReloadAssembly (2538ms)
			LoadAssemblies (240ms)
			RebuildTransferFunctionScriptingTraits (0ms)
			SetupTypeCache (359ms)
			ReleaseScriptCaches (1ms)
			RebuildScriptCaches (60ms)
			SetupLoadedEditorAssemblies (1473ms)
				LogAssemblyErrors (0ms)
				InitializePlatformSupportModulesInManaged (28ms)
				SetLoadedEditorAssemblies (4ms)
				RefreshPlugins (1ms)
				BeforeProcessingInitializeOnLoad (350ms)
				ProcessInitializeOnLoadAttributes (1041ms)
				ProcessInitializeOnLoadMethodAttributes (47ms)
				AfterProcessingInitializeOnLoad (1ms)
				EditorAssembliesLoaded (1ms)
			ExecutionOrderSort2 (0ms)
			AwakeInstancesAfterBackupRestoration (48ms)
Platform modules already initialized, skipping
Refreshing native plugins compatible for Editor in 0.43 ms, found 3 plugins.
Preloading 0 native plugins for Editor in 0.00 ms.
Unloading 2257 Unused Serialized files (Serialized files now loaded: 0)
System memory in use before: 211.0 MB.
System memory in use after: 211.2 MB.

Unloading 16 unused Assets to reduce memory usage. Loaded Objects now: 2768.
Total: 2.439041 ms (FindLiveObjects: 0.167792 ms CreateObjectMapping: 0.062167 ms MarkObjects: 2.183250 ms  DeleteObjects: 0.024542 ms)

AssetImportParameters requested are different than current active one (requested -> active):
  custom:video-decoder-ogg-theora: a1e56fd34408186e4bbccfd4996cb3dc -> 
  custom:container-muxer-webm: aa71ff27fc2769a1b78a27578f13a17b -> 
  custom:container-demuxer-webm: 4f35f7cbe854078d1ac9338744f61a02 -> 
  custom:container-demuxer-ogg: 62fdf1f143b41e24485cea50d1cbac27 -> 
  custom:video-encoder-webm-vp8: eb34c28f22e8b96e1ab97ce403110664 -> 
  custom:framework-osx-AVFoundation: e770b220cccbd017edd2c1fefb359320 -> 
  custom:video-decoder-webm-vp8: 9c59270c3fd7afecdb556c50c9e8de78 -> 
  custom:audio-decoder-ogg-vorbis: bf7c407c2cedff20999df2af8eb42d56 -> 
  custom:audio-encoder-webm-vorbis: bf7c407c2cedff20999df2af8eb42d56 -> 
========================================================================
Received Import Request.
  Time since last request: 18.959207 seconds.
  path: Assets/Prefabs/Units/Archers.prefab
  artifactKey: Guid(74167f175a471e443b3ac05192b0c88d) Importer(815301076,1909f56bfc062723c751e8b465ee728b)
Start importing Assets/Prefabs/Units/Archers.prefab using Guid(74167f175a471e443b3ac05192b0c88d) Importer(815301076,1909f56bfc062723c751e8b465ee728b)  -> (artifact id: '0ddac944673f591da494bfa530f2b677') in 0.170841 seconds 
  Import took 0.175042 seconds .

========================================================================
Received Import Request.
  Time since last request: 0.000248 seconds.
  path: Assets/Prefabs/Units/Cavalry.prefab
  artifactKey: Guid(1926902583f6a1049b39f62023ec73b8) Importer(815301076,1909f56bfc062723c751e8b465ee728b)
Start importing Assets/Prefabs/Units/Cavalry.prefab using Guid(1926902583f6a1049b39f62023ec73b8) Importer(815301076,1909f56bfc062723c751e8b465ee728b)  -> (artifact id: '335a54ed0a6d7e10d92309bc89851e17') in 0.017387 seconds 
  Import took 0.020639 seconds .

========================================================================
Received Import Request.
  Time since last request: 0.000256 seconds.
  path: Assets/Prefabs/Units/Swordsmen.prefab
  artifactKey: Guid(ab35f17226db603499c01d4cef63c13f) Importer(815301076,1909f56bfc062723c751e8b465ee728b)
Start importing Assets/Prefabs/Units/Swordsmen.prefab using Guid(ab35f17226db603499c01d4cef63c13f) Importer(815301076,1909f56bfc062723c751e8b465ee728b)  -> (artifact id: '3c69524b4289df5dcd9a5fa3311c9da8') in 0.007907 seconds 
  Import took 0.010796 seconds .

========================================================================
Received Import Request.
  Time since last request: 0.000233 seconds.
  path: Assets/Prefabs/Units/Spearmen.prefab
  artifactKey: Guid(54c0054d4bef1f04dad5970f18a43f1a) Importer(815301076,1909f56bfc062723c751e8b465ee728b)
Start importing Assets/Prefabs/Units/Spearmen.prefab using Guid(54c0054d4bef1f04dad5970f18a43f1a) Importer(815301076,1909f56bfc062723c751e8b465ee728b)  -> (artifact id: '4ac3b742357325be1c6be8103d4e68b4') in 0.007919 seconds 
  Import took 0.010765 seconds .

========================================================================
Received Prepare
Registering precompiled user dll's ...
Registered in 0.003892 seconds.
Begin MonoManager ReloadAssembly
Native extension for WindowsStandalone target not found
Native extension for OSXStandalone target not found
Native extension for WebGL target not found
Refreshing native plugins compatible for Editor in 0.43 ms, found 3 plugins.
Preloading 0 native plugins for Editor in 0.00 ms.
2022-05-09 09:07:33.779 Unity[67994:2331490] NSEventModifierFlagFunction specified to -setKeyEquivalentModifierMask: for item <NSMenuItem: 0x600001884380 Font Asset, ke='Command-F12'>, but is only supported for system-provided menu items; will not be used
Mono: successfully reloaded assembly
- Completed reload, in  2.777 seconds
Domain Reload Profiling:
	ReloadAssembly (2778ms)
		BeginReloadAssembly (291ms)
			ExecutionOrderSort (0ms)
			DisableScriptedObjects (54ms)
			BackupInstance (0ms)
			ReleaseScriptingObjects (0ms)
			CreateAndSetChildDomain (106ms)
		EndReloadAssembly (2378ms)
			LoadAssemblies (255ms)
			RebuildTransferFunctionScriptingTraits (0ms)
			SetupTypeCache (337ms)
			ReleaseScriptCaches (1ms)
			RebuildScriptCaches (59ms)
			SetupLoadedEditorAssemblies (1374ms)
				LogAssemblyErrors (0ms)
				InitializePlatformSupportModulesInManaged (26ms)
				SetLoadedEditorAssemblies (3ms)
				RefreshPlugins (0ms)
				BeforeProcessingInitializeOnLoad (333ms)
				ProcessInitializeOnLoadAttributes (962ms)
				ProcessInitializeOnLoadMethodAttributes (47ms)
				AfterProcessingInitializeOnLoad (1ms)
				EditorAssembliesLoaded (1ms)
			ExecutionOrderSort2 (0ms)
			AwakeInstancesAfterBackupRestoration (49ms)
Platform modules already initialized, skipping
Refreshing native plugins compatible for Editor in 0.40 ms, found 3 plugins.
Preloading 0 native plugins for Editor in 0.00 ms.
Unloading 2257 Unused Serialized files (Serialized files now loaded: 0)
System memory in use before: 211.2 MB.
System memory in use after: 211.4 MB.

Unloading 15 unused Assets to reduce memory usage. Loaded Objects now: 2772.
Total: 2.247084 ms (FindLiveObjects: 0.147458 ms CreateObjectMapping: 0.045709 ms MarkObjects: 2.033459 ms  DeleteObjects: 0.019542 ms)

AssetImportParameters requested are different than current active one (requested -> active):
  custom:video-decoder-ogg-theora: a1e56fd34408186e4bbccfd4996cb3dc -> 
  custom:container-muxer-webm: aa71ff27fc2769a1b78a27578f13a17b -> 
  custom:container-demuxer-webm: 4f35f7cbe854078d1ac9338744f61a02 -> 
  custom:container-demuxer-ogg: 62fdf1f143b41e24485cea50d1cbac27 -> 
  custom:video-encoder-webm-vp8: eb34c28f22e8b96e1ab97ce403110664 -> 
  custom:framework-osx-AVFoundation: e770b220cccbd017edd2c1fefb359320 -> 
  custom:video-decoder-webm-vp8: 9c59270c3fd7afecdb556c50c9e8de78 -> 
  custom:audio-decoder-ogg-vorbis: bf7c407c2cedff20999df2af8eb42d56 -> 
  custom:audio-encoder-webm-vorbis: bf7c407c2cedff20999df2af8eb42d56 -> 
